# JRE version: OpenJDK Runtime Environment 18.9 (11.0.14.1+1) (build 11.0.14.1+1)
# Java VM: OpenJDK 64-Bit Server VM 18.9 (11.0.14.1+1, mixed mode, tiered, compressed oops, g1 gc, windows-amd64)
Heap:
 garbage-first heap   total 348160K, used 286515K [0x00000000e0000000, 0x0000000100000000)
  region size 1024K, 19 young (19456K), 2 survivors (2048K)
 Metaspace       used 146584K, capacity 152926K, committed 153288K, reserved 389120K
  class space    used 17559K, capacity 19468K, committed 19584K, reserved 253952K
GC Heap History (20 events):
Event: 311.106 GC heap before
{Heap before GC invocations=273 (full 0):
 garbage-first heap   total 334848K, used 285120K [0x00000000e0000000, 0x0000000100000000)
  region size 1024K, 16 young (16384K), 3 survivors (3072K)
 Metaspace       used 145712K, capacity 152046K, committed 152136K, reserved 387072K
  class space    used 17496K, capacity 19410K, committed 19456K, reserved 253952K
}
Event: 311.143 GC heap after
{Heap after GC invocations=274 (full 0):
 garbage-first heap   total 334848K, used 256210K [0x00000000e0000000, 0x0000000100000000)
  region size 1024K, 2 young (2048K), 2 survivors (2048K)
 Metaspace       used 145712K, capacity 152046K, committed 152136K, reserved 387072K
  class space    used 17496K, capacity 19410K, committed 19456K, reserved 253952K
}
Event: 311.339 GC heap before
{Heap before GC invocations=274 (full 0):
 garbage-first heap   total 334848K, used 283858K [0x00000000e0000000, 0x0000000100000000)
  region size 1024K, 29 young (29696K), 2 survivors (2048K)
 Metaspace       used 145715K, capacity 152046K, committed 152136K, reserved 387072K
  class space    used 17496K, capacity 19410K, committed 19456K, reserved 253952K
}
Event: 311.357 GC heap after
{Heap after GC invocations=275 (full 0):
 garbage-first heap   total 334848K, used 262144K [0x00000000e0000000, 0x0000000100000000)
  region size 1024K, 4 young (4096K), 4 survivors (4096K)
 Metaspace       used 145715K, capacity 152046K, committed 152136K, reserved 387072K
  class space    used 17496K, capacity 19410K, committed 19456K, reserved 253952K
}
Event: 311.589 GC heap before
{Heap before GC invocations=275 (full 0):
 garbage-first heap   total 334848K, used 287744K [0x00000000e0000000, 0x0000000100000000)
  region size 1024K, 29 young (29696K), 4 survivors (4096K)
 Metaspace       used 145723K, capacity 152048K, committed 152136K, reserved 387072K
  class space    used 17496K, capacity 19410K, committed 19456K, reserved 253952K
}
Event: 311.607 GC heap after
{Heap after GC invocations=276 (full 0):
 garbage-first heap   total 334848K, used 264614K [0x00000000e0000000, 0x0000000100000000)
  region size 1024K, 3 young (3072K), 3 survivors (3072K)
 Metaspace       used 145723K, capacity 152048K, committed 152136K, reserved 387072K
  class space    used 17496K, capacity 19410K, committed 19456K, reserved 253952K
}
Event: 311.823 GC heap before
{Heap before GC invocations=276 (full 0):
 garbage-first heap   total 334848K, used 268710K [0x00000000e0000000, 0x0000000100000000)
  region size 1024K, 9 young (9216K), 3 survivors (3072K)
 Metaspace       used 145723K, capacity 152048K, committed 152136K, reserved 387072K
  class space    used 17496K, capacity 19410K, committed 19456K, reserved 253952K
}
Event: 311.830 GC heap after
{Heap after GC invocations=277 (full 0):
 garbage-first heap   total 334848K, used 264601K [0x00000000e0000000, 0x0000000100000000)
  region size 1024K, 1 young (1024K), 1 survivors (1024K)
 Metaspace       used 145723K, capacity 152048K, committed 152136K, reserved 387072K
  class space    used 17496K, capacity 19410K, committed 19456K, reserved 253952K
}
Event: 312.948 GC heap before
{Heap before GC invocations=277 (full 0):
 garbage-first heap   total 334848K, used 290201K [0x00000000e0000000, 0x0000000100000000)
  region size 1024K, 26 young (26624K), 1 survivors (1024K)
 Metaspace       used 145675K, capacity 151952K, committed 152136K, reserved 387072K
  class space    used 17476K, capacity 19378K, committed 19456K, reserved 253952K
}
Event: 312.987 GC heap after
{Heap after GC invocations=278 (full 0):
 garbage-first heap   total 334848K, used 266112K [0x00000000e0000000, 0x0000000100000000)
  region size 1024K, 2 young (2048K), 2 survivors (2048K)
 Metaspace       used 145675K, capacity 151952K, committed 152136K, reserved 387072K
  class space    used 17476K, capacity 19378K, committed 19456K, reserved 253952K
}
Event: 314.121 GC heap before
{Heap before GC invocations=279 (full 0):
 garbage-first heap   total 334848K, used 292736K [0x00000000e0000000, 0x0000000100000000)
  region size 1024K, 27 young (27648K), 2 survivors (2048K)
 Metaspace       used 145676K, capacity 151952K, committed 152136K, reserved 387072K
  class space    used 17476K, capacity 19378K, committed 19456K, reserved 253952K
}
Event: 314.128 GC heap after
{Heap after GC invocations=280 (full 0):
 garbage-first heap   total 334848K, used 266158K [0x00000000e0000000, 0x0000000100000000)
  region size 1024K, 2 young (2048K), 2 survivors (2048K)
 Metaspace       used 145676K, capacity 151952K, committed 152136K, reserved 387072K
  class space    used 17476K, capacity 19378K, committed 19456K, reserved 253952K
}
Event: 315.131 GC heap before
{Heap before GC invocations=280 (full 0):
 garbage-first heap   total 334848K, used 289710K [0x00000000e0000000, 0x0000000100000000)
  region size 1024K, 16 young (16384K), 2 survivors (2048K)
 Metaspace       used 146039K, capacity 152274K, committed 152520K, reserved 387072K
  class space    used 17517K, capacity 19416K, committed 19584K, reserved 253952K
}
Event: 315.194 GC heap after
{Heap after GC invocations=281 (full 0):
 garbage-first heap   total 334848K, used 248178K [0x00000000e0000000, 0x0000000100000000)
  region size 1024K, 2 young (2048K), 2 survivors (2048K)
 Metaspace       used 146039K, capacity 152274K, committed 152520K, reserved 387072K
  class space    used 17517K, capacity 19416K, committed 19584K, reserved 253952K
}
Event: 315.346 GC heap before
{Heap before GC invocations=281 (full 0):
 garbage-first heap   total 334848K, used 261490K [0x00000000e0000000, 0x0000000100000000)
  region size 1024K, 16 young (16384K), 2 survivors (2048K)
 Metaspace       used 146149K, capacity 152410K, committed 152776K, reserved 389120K
  class space    used 17526K, capacity 19418K, committed 19584K, reserved 253952K
}
Event: 315.392 GC heap after
{Heap after GC invocations=282 (full 0):
 garbage-first heap   total 334848K, used 250880K [0x00000000e0000000, 0x0000000100000000)
  region size 1024K, 2 young (2048K), 2 survivors (2048K)
 Metaspace       used 146149K, capacity 152410K, committed 152776K, reserved 389120K
  class space    used 17526K, capacity 19418K, committed 19584K, reserved 253952K
}
Event: 316.506 GC heap before
{Heap before GC invocations=282 (full 0):
 garbage-first heap   total 334848K, used 282624K [0x00000000e0000000, 0x0000000100000000)
  region size 1024K, 32 young (32768K), 2 survivors (2048K)
 Metaspace       used 146514K, capacity 152836K, committed 153032K, reserved 389120K
  class space    used 17559K, capacity 19468K, committed 19584K, reserved 253952K
}
Event: 316.558 GC heap after
{Heap after GC invocations=283 (full 0):
 garbage-first heap   total 334848K, used 265333K [0x00000000e0000000, 0x0000000100000000)
  region size 1024K, 4 young (4096K), 4 survivors (4096K)
 Metaspace       used 146514K, capacity 152836K, committed 153032K, reserved 389120K
  class space    used 17559K, capacity 19468K, committed 19584K, reserved 253952K
}
Event: 316.754 GC heap before
{Heap before GC invocations=283 (full 0):
 garbage-first heap   total 334848K, used 274549K [0x00000000e0000000, 0x0000000100000000)
  region size 1024K, 14 young (14336K), 4 survivors (4096K)
 Metaspace       used 146517K, capacity 152836K, committed 153032K, reserved 389120K
  class space    used 17559K, capacity 19468K, committed 19584K, reserved 253952K
}
Event: 316.778 GC heap after
{Heap after GC invocations=284 (full 0):
 garbage-first heap   total 348160K, used 268083K [0x00000000e0000000, 0x0000000100000000)
  region size 1024K, 2 young (2048K), 2 survivors (2048K)
 Metaspace       used 146517K, capacity 152836K, committed 153032K, reserved 389120K
  class space    used 17559K, capacity 19468K, committed 19584K, reserved 253952K
}

